<?xml version="1.0" encoding="UTF-8"?>
<!-- Generated by org.testng.reporters.JUnitXMLReporter -->
<testsuite ignored="0" hostname="AUTOMATION-LAB" failures="1" tests="3" name="Test" time="0.073" errors="0" timestamp="2023-08-30T15:57:48 IST">
  <testcase classname="qsp1.HelloWorld" name="test1" time="0.011"/>
  <testcase classname="qsp1.HelloWorld" name="test2" time="0.003">
    <failure type="java.lang.AssertionError" message="null">
      <![CDATA[java.lang.AssertionError: null
at qsp1.HelloWorld.test2(HelloWorld.java:16)
at java.base/java.util.ArrayList.forEach(ArrayList.java:1511)
... Removed 29 stack frames]]>
    </failure>
  </testcase> <!-- test2 -->
  <testcase classname="qsp1.HelloWorld" name="test3" time="0.0">
    <skipped/>
  </testcase> <!-- test3 -->
</testsuite> <!-- Test -->
